
           Lattice Mapping Report File for Design Module 'wor_test'


Design Information
------------------

Command line:   map -a MachXO2 -p LCMXO2-4000HC -t CSBGA132 -s 4 -oc Commercial
     Pin_impl1.ngd -o Pin_impl1_map.ncd -pr Pin_impl1.prf -mp Pin_impl1.mrp -lpf
     /disk1/projects/FPGA/Lattice-MXO2-4000HC/Pin/impl1/Pin_impl1.lpf -lpf
     /disk1/projects/FPGA/Lattice-MXO2-4000HC/Pin/Pin.lpf -c 0 -gui -msgset
     /disk1/projects/FPGA/Lattice-MXO2-4000HC/Pin/promote.xml 
Target Vendor:  LATTICE
Target Device:  LCMXO2-4000HCCSBGA132
Target Performance:   4
Mapper:  xo2c00,  version:  Diamond (64-bit) 3.10.0.111.2
Mapped on:  04/07/18  10:31:17

Design Summary
--------------

   Number of registers:      0 out of  4635 (0%)
      PFU registers:            0 out of  4320 (0%)
      PIO registers:            0 out of   315 (0%)
   Number of SLICEs:         1 out of  2160 (0%)
      SLICEs as Logic/ROM:      1 out of  2160 (0%)
      SLICEs as RAM:            0 out of  1620 (0%)
      SLICEs as Carry:          0 out of  2160 (0%)
   Number of LUT4s:          1 out of  4320 (0%)
      Number used as logic LUTs:          1
      Number used as distributed RAM:     0
      Number used as ripple logic:        0
      Number used as shift registers:     0
   Number of PIO sites used: 5 + 4(JTAG) out of 105 (9%)
   Number of block RAMs:  0 out of 10 (0%)
   Number of GSRs:  0 out of 1 (0%)
   EFB used :       No
   JTAG used :      No
   Readback used :  No
   Oscillator used :  No
   Startup used :   No
   POR :            On
   Bandgap :        On
   Number of Power Controller:  0 out of 1 (0%)
   Number of Dynamic Bank Controller (BCINRD):  0 out of 6 (0%)
   Number of Dynamic Bank Controller (BCLVDSO):  0 out of 1 (0%)
   Number of DCCA:  0 out of 8 (0%)
   Number of DCMA:  0 out of 2 (0%)
   Number of PLLs:  0 out of 2 (0%)
   Number of DQSDLLs:  0 out of 2 (0%)
   Number of CLKDIVC:  0 out of 4 (0%)
   Number of ECLKSYNCA:  0 out of 4 (0%)
   Number of ECLKBRIDGECS:  0 out of 2 (0%)
   Notes:-
      1. Total number of LUT4s = (Number of logic LUT4s) + 2*(Number of
     distributed RAMs) + 2*(Number of ripple logic)
      2. Number of logic LUT4s does not include count of distributed RAM and
     ripple logic.
   Number of clocks:  0
   Number of Clock Enables:  0
   Number of LSRs:  0
   Number of nets driven by tri-state buffers:  0

                                    Page 1




Design:  wor_test                                      Date:  04/07/18  10:31:17

Design Summary (cont)
---------------------
   Top 10 highest fanout non-clock nets:
     Net BUS: 1 loads
     Net KEY1_c: 1 loads
     Net KEY2_c: 1 loads
     Net KEY3_c: 1 loads
     Net KEY4_c: 1 loads




   Number of warnings:  0
   Number of errors:    0
     

Design Errors/Warnings
----------------------

   No errors or warnings present.

IO (PIO) Attributes
-------------------

+---------------------+-----------+-----------+------------+
| IO Name             | Direction | Levelmode | IO         |
|                     |           |  IO_TYPE  | Register   |
+---------------------+-----------+-----------+------------+
| LED1                | OUTPUT    | LVCMOS25  |            |
+---------------------+-----------+-----------+------------+
| KEY1                | INPUT     | LVCMOS25  |            |
+---------------------+-----------+-----------+------------+
| KEY2                | INPUT     | LVCMOS25  |            |
+---------------------+-----------+-----------+------------+
| KEY3                | INPUT     | LVCMOS25  |            |
+---------------------+-----------+-----------+------------+
| KEY4                | INPUT     | LVCMOS25  |            |
+---------------------+-----------+-----------+------------+

Removed logic
-------------

Block i34 undriven or does not drive anything - clipped.
Block GSR_INST undriven or does not drive anything - clipped.
Block i33 undriven or does not drive anything - clipped.
Signal VCC_net undriven or does not drive anything - clipped.
Signal GND_net undriven or does not drive anything - clipped.

Memory Usage
------------


     

Run Time and Memory Usage
-------------------------

   Total CPU Time: 0 secs  

                                    Page 2




Design:  wor_test                                      Date:  04/07/18  10:31:17

Run Time and Memory Usage (cont)
--------------------------------
   Total REAL Time: 0 secs  
   Peak Memory Usage: 177 MB
        






















































                                    Page 3


Copyright (c) 1991-1994 by NeoCAD Inc. All rights reserved.
     Copyright (c) 1995 AT&T Corp.   All rights reserved.
     Copyright (c) 1995-2001 Lucent Technologies Inc.  All rights reserved.
     Copyright (c) 2001 Agere Systems   All rights reserved.
     Copyright (c) 2002-2017 Lattice Semiconductor Corporation,  All rights
     reserved.
