\BOOKMARK [0][-]{chapter.1}{\376\377\000C\000P\000U\213\276\213\241}{}% 1
\BOOKMARK [1][-]{section.1.1}{\376\377\124\175\116\344\154\325\122\031}{chapter.1}% 2
\BOOKMARK [1][-]{section.1.2}{\376\377\152\041\127\127\176\304\142\020}{chapter.1}% 3
\BOOKMARK [2][-]{subsection.1.2.1}{\376\377\133\304\133\130\126\150\176\304}{section.1.2}% 4
\BOOKMARK [1][-]{section.1.3}{\376\377\117\341\123\367\220\032\215\357}{chapter.1}% 5
\BOOKMARK [0][-]{chapter.2}{\376\377\155\101\154\064\176\277\213\276\213\241}{}% 6
\BOOKMARK [1][-]{section.2.1}{\376\377\155\101\154\064\176\277\122\006\176\247}{chapter.2}% 7
\BOOKMARK [2][-]{subsection.2.1.1}{\376\377\000S\000t\000a\000g\000e\000\040\000D}{section.2.1}% 8
\BOOKMARK [2][-]{subsection.2.1.2}{\376\377\000S\000t\000a\000g\000e\000\040\000E}{section.2.1}% 9
\BOOKMARK [2][-]{subsection.2.1.3}{\376\377\000S\000t\000a\000g\000e\000\040\000M\000/\000I\000O}{section.2.1}% 10
\BOOKMARK [2][-]{subsection.2.1.4}{\376\377\000S\000t\000a\000g\000e\000\040\000W}{section.2.1}% 11
\BOOKMARK [1][-]{section.2.2}{\376\377\155\101\154\064\176\277\144\315\117\134}{chapter.2}% 12
\BOOKMARK [2][-]{subsection.2.2.1}{\376\377\000D\000e\000c\000o\000d\000e\000\040\000\050\000D\000E\000\051}{section.2.2}% 13
\BOOKMARK [2][-]{subsection.2.2.2}{\376\377\000E\000x\000e\000c\000u\000t\000e\000\040\000\050\000E\000M\000/\000I\000O\000\051}{section.2.2}% 14
\BOOKMARK [2][-]{subsection.2.2.3}{\376\377\000M\000e\000m\000o\000r\000y\000/\000I\000O\000\040\000\050\000M\000/\000I\000O\000W\000\051}{section.2.2}% 15
\BOOKMARK [2][-]{subsection.2.2.4}{\376\377\000W\000r\000i\000t\000e\000B\000a\000c\000k\000\040\000\050\000W\000F\0001\000\051}{section.2.2}% 16
\BOOKMARK [1][-]{section.2.3}{\376\377\155\101\154\064\176\277\210\145\121\105\131\004\164\006}{chapter.2}% 17
\BOOKMARK [2][-]{subsection.2.3.1}{\376\377\000F\000o\000r\000w\000a\000r\000d}{section.2.3}% 18
\BOOKMARK [2][-]{subsection.2.3.2}{\376\377\000B\000u\000b\000b\000l\000e}{section.2.3}% 19
\BOOKMARK [0][-]{chapter.3}{\376\377\000a\000s\0008\0000\0000\0008\177\026\213\321\126\150\213\276\213\241}{}% 20
\BOOKMARK [1][-]{section.3.1}{\376\377\213\355\154\325\211\304\122\031}{chapter.3}% 21
\BOOKMARK [1][-]{section.3.2}{\376\377\227\000\154\102\122\006\147\220}{chapter.3}% 22
\BOOKMARK [1][-]{section.3.3}{\376\377\213\276\213\241\140\035\215\357}{chapter.3}% 23
\BOOKMARK [0][-]{appendix.A}{\376\377\000L\000a\000t\000t\000i\000c\000e\000\040\000M\000X\000O\0002\162\107\116\012\000R\000O\000M\000/\000R\000A\000M\116\377\167\037\116\343\170\001}{}% 24
\BOOKMARK [1][-]{section.A.1}{\376\377\000R\000O\000M\116\377\167\037}{appendix.A}% 25
\BOOKMARK [2][-]{subsection.A.1.1}{\376\377\000R\000O\000M\000\040\000w\000i\000t\000h\000o\000u\000t\000\040\000o\000u\000t\000p\000u\000t\000\040\000r\000e\000g\000i\000s\000t\000e\000r}{section.A.1}% 26
\BOOKMARK [2][-]{subsection.A.1.2}{\376\377\000R\000O\000M\000\040\000w\000i\000t\000h\000\040\000o\000u\000t\000p\000u\000t\000\040\000r\000e\000g\000i\000s\000t\000e\000r}{section.A.1}% 27
\BOOKMARK [1][-]{section.A.2}{\376\377\000R\000A\000M\116\377\167\037}{appendix.A}% 28
